<?xml version="1.0" encoding="UTF-8"?>
<beans xmlns="http://www.springframework.org/schema/beans"
	xmlns:xsi="http://www.w3.org/2001/XMLSchema-instance"
	xsi:schemaLocation="http://www.springframework.org/schema/beans http://www.springframework.org/schema/beans/spring-beans.xsd">

	<import resource="classpath:/META-INF/spring/batch-database-context.xml" />
	<import resource="classpath:/META-INF/spring/batch-infrastructure-context.xml" />
	<import resource="classpath:/META-INF/spring/import-products-job-context.xml" />
	<import resource="classpath:/META-INF/spring/mongo-context.xml" />

</beans>
